app/build/intermediates/manifest_merge_blame_file/debug/manifest-merger-blame-debug-report.txt
1<?xml version="1.0" encoding="utf-8"?>
2<manifest xmlns:android="http://schemas.android.com/apk/res/android"
3    package="com.example.apporder"
4    android:versionCode="1"
5    android:versionName="1.0" >
6
7    <uses-sdk
8        android:minSdkVersion="16"
8-->src\main\AndroidManifest.xml
9        android:targetSdkVersion="28" />
9-->src\main\AndroidManifest.xml
10
11    <uses-permission android:name="android.permission.ACCESS_NETWORK_STATE" />
11-->src\main\AndroidManifest.xml:4:5-79
11-->src\main\AndroidManifest.xml:4:22-76
12    <uses-permission android:name="android.permission.INTERNET" />
12-->src\main\AndroidManifest.xml:5:5-67
12-->src\main\AndroidManifest.xml:5:22-64
13    <uses-permission android:name="android.permission.WAKE_LOCK" /> <!-- Required by older versions of Google Play services to create IID tokens -->
13-->[com.google.android.gms:play-services-measurement-api:17.0.0] AndroidManifest.xml:24:5-68
13-->[com.google.android.gms:play-services-measurement-api:17.0.0] AndroidManifest.xml:24:22-65
14    <uses-permission android:name="com.google.android.c2dm.permission.RECEIVE" />
14-->[com.google.firebase:firebase-iid:19.0.0] AndroidManifest.xml:26:5-82
14-->[com.google.firebase:firebase-iid:19.0.0] AndroidManifest.xml:26:22-79
15    <uses-permission android:name="com.google.android.finsky.permission.BIND_GET_INSTALL_REFERRER_SERVICE" />
15-->[com.google.android.gms:play-services-measurement:17.0.0] AndroidManifest.xml:26:5-110
15-->[com.google.android.gms:play-services-measurement:17.0.0] AndroidManifest.xml:26:22-107
16
17    <application
17-->src\main\AndroidManifest.xml:6:5-22:19
18        android:allowBackup="true"
18-->src\main\AndroidManifest.xml:7:13-39
19        android:appComponentFactory="androidx.core.app.CoreComponentFactory"
19-->[androidx.core:core:1.0.2] AndroidManifest.xml:22:18-86
20        android:debuggable="true"
21        android:icon="@mipmap/ic_launcher"
21-->src\main\AndroidManifest.xml:9:13-47
22        android:label="@string/app_name"
22-->src\main\AndroidManifest.xml:10:13-45
23        android:roundIcon="@mipmap/ic_launcher_round"
23-->src\main\AndroidManifest.xml:11:13-58
24        android:supportsRtl="true"
24-->src\main\AndroidManifest.xml:12:13-39
25        android:testOnly="true"
26        android:theme="@style/AppTheme" >
26-->src\main\AndroidManifest.xml:13:13-44
27        <activity
27-->src\main\AndroidManifest.xml:14:9-21:20
28            android:name="com.example.apporder.MainActivity"
28-->src\main\AndroidManifest.xml:14:19-47
29            android:screenOrientation="landscape" >
29-->src\main\AndroidManifest.xml:15:17-54
30            <intent-filter>
30-->src\main\AndroidManifest.xml:16:13-20:29
31                <action android:name="android.intent.action.MAIN" />
31-->src\main\AndroidManifest.xml:17:17-68
31-->src\main\AndroidManifest.xml:17:25-66
32
33                <category android:name="android.intent.category.LAUNCHER" />
33-->src\main\AndroidManifest.xml:19:17-76
33-->src\main\AndroidManifest.xml:19:27-74
34            </intent-filter>
35        </activity>
36
37        <service
37-->[com.google.firebase:firebase-database:18.0.0] AndroidManifest.xml:29:9-33:19
38            android:name="com.google.firebase.components.ComponentDiscoveryService"
38-->[com.google.firebase:firebase-database:18.0.0] AndroidManifest.xml:29:18-89
39            android:exported="false" >
39-->[com.google.android.gms:play-services-measurement-api:17.0.0] AndroidManifest.xml:29:13-37
40            <meta-data
40-->[com.google.firebase:firebase-database:18.0.0] AndroidManifest.xml:30:13-32:85
41                android:name="com.google.firebase.components:com.google.firebase.database.DatabaseRegistrar"
41-->[com.google.firebase:firebase-database:18.0.0] AndroidManifest.xml:31:17-109
42                android:value="com.google.firebase.components.ComponentRegistrar" />
42-->[com.google.firebase:firebase-database:18.0.0] AndroidManifest.xml:32:17-82
43            <meta-data
43-->[com.google.firebase:firebase-storage:18.0.0] AndroidManifest.xml:31:13-33:85
44                android:name="com.google.firebase.components:com.google.firebase.storage.StorageRegistrar"
44-->[com.google.firebase:firebase-storage:18.0.0] AndroidManifest.xml:32:17-107
45                android:value="com.google.firebase.components.ComponentRegistrar" />
45-->[com.google.firebase:firebase-storage:18.0.0] AndroidManifest.xml:33:17-82
46            <meta-data
46-->[com.google.android.gms:play-services-measurement-api:17.0.0] AndroidManifest.xml:30:13-32:85
47                android:name="com.google.firebase.components:com.google.firebase.analytics.connector.internal.AnalyticsConnectorRegistrar"
47-->[com.google.android.gms:play-services-measurement-api:17.0.0] AndroidManifest.xml:31:17-139
48                android:value="com.google.firebase.components.ComponentRegistrar" />
48-->[com.google.android.gms:play-services-measurement-api:17.0.0] AndroidManifest.xml:32:17-82
49            <meta-data
49-->[com.google.firebase:firebase-iid:19.0.0] AndroidManifest.xml:32:13-34:85
50                android:name="com.google.firebase.components:com.google.firebase.iid.Registrar"
50-->[com.google.firebase:firebase-iid:19.0.0] AndroidManifest.xml:33:17-96
51                android:value="com.google.firebase.components.ComponentRegistrar" />
51-->[com.google.firebase:firebase-iid:19.0.0] AndroidManifest.xml:34:17-82
52        </service>
53
54        <receiver
54-->[com.google.firebase:firebase-iid:19.0.0] AndroidManifest.xml:37:9-44:20
55            android:name="com.google.firebase.iid.FirebaseInstanceIdReceiver"
55-->[com.google.firebase:firebase-iid:19.0.0] AndroidManifest.xml:38:13-78
56            android:exported="true"
56-->[com.google.firebase:firebase-iid:19.0.0] AndroidManifest.xml:39:13-36
57            android:permission="com.google.android.c2dm.permission.SEND" >
57-->[com.google.firebase:firebase-iid:19.0.0] AndroidManifest.xml:40:13-73
58            <intent-filter>
58-->[com.google.firebase:firebase-iid:19.0.0] AndroidManifest.xml:41:13-43:29
59                <action android:name="com.google.android.c2dm.intent.RECEIVE" />
59-->[com.google.firebase:firebase-iid:19.0.0] AndroidManifest.xml:42:17-81
59-->[com.google.firebase:firebase-iid:19.0.0] AndroidManifest.xml:42:25-78
60            </intent-filter>
61        </receiver>
62
63        <provider
63-->[com.google.firebase:firebase-common:18.0.0] AndroidManifest.xml:12:9-16:39
64            android:name="com.google.firebase.provider.FirebaseInitProvider"
64-->[com.google.firebase:firebase-common:18.0.0] AndroidManifest.xml:13:13-77
65            android:authorities="com.example.apporder.firebaseinitprovider"
65-->[com.google.firebase:firebase-common:18.0.0] AndroidManifest.xml:14:13-72
66            android:exported="false"
66-->[com.google.firebase:firebase-common:18.0.0] AndroidManifest.xml:15:13-37
67            android:initOrder="100" />
67-->[com.google.firebase:firebase-common:18.0.0] AndroidManifest.xml:16:13-36
68
69        <activity
69-->[com.google.android.gms:play-services-base:17.0.0] AndroidManifest.xml:23:9-26:75
70            android:name="com.google.android.gms.common.api.GoogleApiActivity"
70-->[com.google.android.gms:play-services-base:17.0.0] AndroidManifest.xml:24:13-79
71            android:exported="false"
71-->[com.google.android.gms:play-services-base:17.0.0] AndroidManifest.xml:25:13-37
72            android:theme="@android:style/Theme.Translucent.NoTitleBar" />
72-->[com.google.android.gms:play-services-base:17.0.0] AndroidManifest.xml:26:13-72
73
74        <receiver
74-->[com.google.android.gms:play-services-measurement:17.0.0] AndroidManifest.xml:29:9-33:20
75            android:name="com.google.android.gms.measurement.AppMeasurementReceiver"
75-->[com.google.android.gms:play-services-measurement:17.0.0] AndroidManifest.xml:30:13-85
76            android:enabled="true"
76-->[com.google.android.gms:play-services-measurement:17.0.0] AndroidManifest.xml:31:13-35
77            android:exported="false" >
77-->[com.google.android.gms:play-services-measurement:17.0.0] AndroidManifest.xml:32:13-37
78        </receiver>
79        <receiver
79-->[com.google.android.gms:play-services-measurement:17.0.0] AndroidManifest.xml:34:9-42:20
80            android:name="com.google.android.gms.measurement.AppMeasurementInstallReferrerReceiver"
80-->[com.google.android.gms:play-services-measurement:17.0.0] AndroidManifest.xml:35:13-100
81            android:enabled="true"
81-->[com.google.android.gms:play-services-measurement:17.0.0] AndroidManifest.xml:36:13-35
82            android:exported="true"
82-->[com.google.android.gms:play-services-measurement:17.0.0] AndroidManifest.xml:37:13-36
83            android:permission="android.permission.INSTALL_PACKAGES" >
83-->[com.google.android.gms:play-services-measurement:17.0.0] AndroidManifest.xml:38:13-69
84            <intent-filter>
84-->[com.google.android.gms:play-services-measurement:17.0.0] AndroidManifest.xml:39:13-41:29
85                <action android:name="com.android.vending.INSTALL_REFERRER" />
85-->[com.google.android.gms:play-services-measurement:17.0.0] AndroidManifest.xml:40:17-79
85-->[com.google.android.gms:play-services-measurement:17.0.0] AndroidManifest.xml:40:25-76
86            </intent-filter>
87        </receiver>
88
89        <service
89-->[com.google.android.gms:play-services-measurement:17.0.0] AndroidManifest.xml:44:9-47:40
90            android:name="com.google.android.gms.measurement.AppMeasurementService"
90-->[com.google.android.gms:play-services-measurement:17.0.0] AndroidManifest.xml:45:13-84
91            android:enabled="true"
91-->[com.google.android.gms:play-services-measurement:17.0.0] AndroidManifest.xml:46:13-35
92            android:exported="false" />
92-->[com.google.android.gms:play-services-measurement:17.0.0] AndroidManifest.xml:47:13-37
93        <service
93-->[com.google.android.gms:play-services-measurement:17.0.0] AndroidManifest.xml:48:9-52:72
94            android:name="com.google.android.gms.measurement.AppMeasurementJobService"
94-->[com.google.android.gms:play-services-measurement:17.0.0] AndroidManifest.xml:49:13-87
95            android:enabled="true"
95-->[com.google.android.gms:play-services-measurement:17.0.0] AndroidManifest.xml:50:13-35
96            android:exported="false"
96-->[com.google.android.gms:play-services-measurement:17.0.0] AndroidManifest.xml:51:13-37
97            android:permission="android.permission.BIND_JOB_SERVICE" />
97-->[com.google.android.gms:play-services-measurement:17.0.0] AndroidManifest.xml:52:13-69
98
99        <meta-data
99-->[com.google.android.gms:play-services-basement:17.0.0] AndroidManifest.xml:23:9-25:69
100            android:name="com.google.android.gms.version"
100-->[com.google.android.gms:play-services-basement:17.0.0] AndroidManifest.xml:24:13-58
101            android:value="@integer/google_play_services_version" />
101-->[com.google.android.gms:play-services-basement:17.0.0] AndroidManifest.xml:25:13-66
102
103        <provider
103-->[androidx.lifecycle:lifecycle-process:2.0.0] AndroidManifest.xml:23:9-27:43
104            android:name="androidx.lifecycle.ProcessLifecycleOwnerInitializer"
104-->[androidx.lifecycle:lifecycle-process:2.0.0] AndroidManifest.xml:24:13-79
105            android:authorities="com.example.apporder.lifecycle-process"
105-->[androidx.lifecycle:lifecycle-process:2.0.0] AndroidManifest.xml:25:13-69
106            android:exported="false"
106-->[androidx.lifecycle:lifecycle-process:2.0.0] AndroidManifest.xml:26:13-37
107            android:multiprocess="true" />
107-->[androidx.lifecycle:lifecycle-process:2.0.0] AndroidManifest.xml:27:13-40
108    </application>
109
110</manifest>